Base path: 'C:/Program Files/Unity/Hub/Editor/2019.3.11f1/Editor/Data', plugins path 'C:/Program Files/Unity/Hub/Editor/2019.3.11f1/Editor/Data/PlaybackEngines'
Cmd: initializeCompiler
Cmd: preprocessCompute
  insize=10326 outsize=10328 ok=1
Cmd: compileComputeKernel
  api=4 insize=10328 outsize=2688 ok=1
Cmd: preprocessCompute
  insize=7580 outsize=7582 ok=1
Cmd: compileComputeKernel
  error: 1 plat 4 at 2.vfx(78): floating point division by zero
  api=4 insize=7582 outsize=2074 ok=1
Cmd: preprocess
  insize=40762 outsize=623 ok=1
Cmd: preprocess
  insize=37918 outsize=592 ok=1
Cmd: preprocessCompute
  insize=6987 outsize=6989 ok=1
Cmd: compileComputeKernel
  api=4 insize=6989 outsize=1475 ok=1
Cmd: preprocessCompute
  insize=5330 outsize=5332 ok=1
Cmd: preprocess
  insize=39590 outsize=616 ok=1
Cmd: preprocessCompute
  insize=7186 outsize=7188 ok=1
Cmd: compileComputeKernel
  error: 1 plat 4 at 2.vfx(78): floating point division by zero
  api=4 insize=7188 outsize=1946 ok=1
Cmd: preprocessCompute
  insize=7312 outsize=7314 ok=1
Cmd: compileComputeKernel
  api=4 insize=7314 outsize=2479 ok=1
Cmd: preprocess
  insize=39590 outsize=616 ok=1
Cmd: preprocessCompute
  insize=7186 outsize=7188 ok=1
Cmd: preprocessCompute
  insize=7311 outsize=7313 ok=1
Cmd: compileComputeKernel
  api=4 insize=7313 outsize=2479 ok=1
Cmd: preprocessCompute
  insize=10938 outsize=10940 ok=1
Cmd: preprocessCompute
  insize=7799 outsize=7801 ok=1
Cmd: preprocess
  insize=40762 outsize=623 ok=1
Cmd: preprocess
  insize=37742 outsize=592 ok=1
Cmd: preprocessCompute
  insize=7071 outsize=7073 ok=1
Cmd: preprocessCompute
  insize=5330 outsize=5332 ok=1
Cmd: preprocess
  insize=39590 outsize=616 ok=1
Cmd: preprocessCompute
  insize=7386 outsize=7388 ok=1
Cmd: preprocessCompute
  insize=7489 outsize=7491 ok=1
Cmd: preprocess
  insize=39590 outsize=616 ok=1
Cmd: preprocessCompute
  insize=7386 outsize=7388 ok=1
Cmd: preprocessCompute
  insize=7489 outsize=7491 ok=1
Cmd: preprocessCompute
  insize=10938 outsize=10940 ok=1
Cmd: preprocessCompute
  insize=7799 outsize=7801 ok=1
Cmd: preprocess
  insize=40762 outsize=623 ok=1
Cmd: preprocess
  insize=37742 outsize=592 ok=1
Cmd: preprocessCompute
  insize=7071 outsize=7073 ok=1
Cmd: preprocessCompute
  insize=5330 outsize=5332 ok=1
Cmd: preprocess
  insize=39590 outsize=616 ok=1
Cmd: preprocessCompute
  insize=7386 outsize=7388 ok=1
Cmd: preprocessCompute
  insize=7489 outsize=7491 ok=1
Cmd: preprocess
  insize=39590 outsize=616 ok=1
Cmd: preprocessCompute
  insize=7386 outsize=7388 ok=1
Cmd: preprocessCompute
  insize=7489 outsize=7491 ok=1
Cmd: preprocessCompute
  insize=10938 outsize=10940 ok=1
Cmd: preprocessCompute
  insize=7799 outsize=7801 ok=1
Cmd: preprocess
  insize=40762 outsize=623 ok=1
Cmd: preprocess
  insize=37742 outsize=592 ok=1
Cmd: preprocessCompute
  insize=7071 outsize=7073 ok=1
Cmd: preprocessCompute
  insize=5330 outsize=5332 ok=1
Cmd: preprocess
  insize=39590 outsize=616 ok=1
Cmd: preprocessCompute
  insize=7386 outsize=7388 ok=1
Cmd: preprocessCompute
  insize=7489 outsize=7491 ok=1
Cmd: preprocess
  insize=39590 outsize=616 ok=1
Cmd: preprocessCompute
  insize=7386 outsize=7388 ok=1
Cmd: preprocessCompute
  insize=7489 outsize=7491 ok=1
Cmd: preprocessCompute
  insize=10938 outsize=10940 ok=1
Cmd: preprocessCompute
  insize=7799 outsize=7801 ok=1
Cmd: preprocess
  insize=40762 outsize=623 ok=1
Cmd: preprocess
  insize=37742 outsize=592 ok=1
Cmd: preprocessCompute
  insize=7071 outsize=7073 ok=1
Cmd: preprocessCompute
  insize=5330 outsize=5332 ok=1
Cmd: preprocess
  insize=39590 outsize=616 ok=1
Cmd: preprocessCompute
  insize=7386 outsize=7388 ok=1
Cmd: preprocessCompute
  insize=7489 outsize=7491 ok=1
Cmd: preprocess
  insize=39590 outsize=616 ok=1
Cmd: preprocessCompute
  insize=7386 outsize=7388 ok=1
Cmd: preprocessCompute
  insize=7489 outsize=7491 ok=1
Cmd: preprocessCompute
  insize=10938 outsize=10940 ok=1
Cmd: preprocessCompute
  insize=7799 outsize=7801 ok=1
Cmd: preprocess
  insize=40762 outsize=623 ok=1
Cmd: preprocess
  insize=37742 outsize=592 ok=1
Cmd: preprocessCompute
  insize=7071 outsize=7073 ok=1
Cmd: preprocessCompute
  insize=5330 outsize=5332 ok=1
Cmd: preprocess
  insize=39590 outsize=616 ok=1
Cmd: preprocessCompute
  insize=7386 outsize=7388 ok=1
Cmd: preprocessCompute
  insize=7489 outsize=7491 ok=1
Cmd: preprocess
  insize=39590 outsize=616 ok=1
Cmd: preprocessCompute
  insize=7386 outsize=7388 ok=1
Cmd: preprocessCompute
  insize=7489 outsize=7491 ok=1
Cmd: preprocessCompute
  insize=10938 outsize=10940 ok=1
Cmd: preprocessCompute
  insize=7799 outsize=7801 ok=1
Cmd: preprocess
  insize=40762 outsize=623 ok=1
Cmd: preprocess
  insize=37742 outsize=592 ok=1
Cmd: preprocessCompute
  insize=7071 outsize=7073 ok=1
Cmd: preprocessCompute
  insize=5330 outsize=5332 ok=1
Cmd: preprocess
  insize=40154 outsize=615 ok=1
Cmd: preprocessCompute
  insize=7398 outsize=7400 ok=1
Cmd: compileComputeKernel
  api=4 insize=7400 outsize=2553 ok=1
Cmd: preprocessCompute
  insize=7492 outsize=7494 ok=1
Cmd: compileComputeKernel
  api=4 insize=7494 outsize=2797 ok=1
Cmd: preprocess
  insize=39590 outsize=616 ok=1
Cmd: preprocessCompute
  insize=7386 outsize=7388 ok=1
Cmd: preprocessCompute
  insize=7489 outsize=7491 ok=1
Cmd: preprocessCompute
  insize=10938 outsize=10940 ok=1
Cmd: preprocessCompute
  insize=7799 outsize=7801 ok=1
Cmd: preprocess
  insize=40762 outsize=623 ok=1
Cmd: preprocess
  insize=37742 outsize=592 ok=1
Cmd: preprocessCompute
  insize=7071 outsize=7073 ok=1
Cmd: preprocessCompute
  insize=5330 outsize=5332 ok=1
Cmd: preprocess
  insize=40154 outsize=615 ok=1
Cmd: preprocessCompute
  insize=7398 outsize=7400 ok=1
Cmd: preprocessCompute
  insize=7492 outsize=7494 ok=1
Cmd: preprocess
  insize=40154 outsize=615 ok=1
Cmd: preprocessCompute
  insize=7398 outsize=7400 ok=1
Cmd: preprocessCompute
  insize=7492 outsize=7494 ok=1
Cmd: preprocessCompute
  insize=10938 outsize=10940 ok=1
Cmd: preprocessCompute
  insize=7799 outsize=7801 ok=1
Cmd: preprocess
  insize=40762 outsize=623 ok=1
Cmd: preprocess
  insize=37742 outsize=592 ok=1
Cmd: preprocessCompute
  insize=7071 outsize=7073 ok=1
Cmd: preprocessCompute
  insize=5330 outsize=5332 ok=1
Cmd: preprocess
  insize=40154 outsize=615 ok=1
Cmd: preprocessCompute
  insize=7398 outsize=7400 ok=1
Cmd: preprocessCompute
  insize=7492 outsize=7494 ok=1
Cmd: preprocess
  insize=40154 outsize=615 ok=1
Cmd: preprocessCompute
  insize=7398 outsize=7400 ok=1
Cmd: preprocessCompute
  insize=7492 outsize=7494 ok=1
Cmd: preprocessCompute
  insize=10938 outsize=10940 ok=1
Cmd: preprocessCompute
  insize=7799 outsize=7801 ok=1
Cmd: preprocess
  insize=40762 outsize=623 ok=1
Cmd: preprocess
  insize=37742 outsize=592 ok=1
Cmd: preprocessCompute
  insize=7071 outsize=7073 ok=1
Cmd: preprocessCompute
  insize=5330 outsize=5332 ok=1
Cmd: preprocess
  insize=40154 outsize=615 ok=1
Cmd: preprocessCompute
  insize=7398 outsize=7400 ok=1
Cmd: preprocessCompute
  insize=7492 outsize=7494 ok=1
Cmd: preprocess
  insize=40154 outsize=615 ok=1
Cmd: preprocessCompute
  insize=7398 outsize=7400 ok=1
Cmd: preprocessCompute
  insize=7492 outsize=7494 ok=1
Cmd: preprocessCompute
  insize=10938 outsize=10940 ok=1
Cmd: preprocessCompute
  insize=7799 outsize=7801 ok=1
Cmd: preprocess
  insize=40762 outsize=623 ok=1
Cmd: preprocess
  insize=37742 outsize=592 ok=1
Cmd: preprocessCompute
  insize=7071 outsize=7073 ok=1
Cmd: preprocessCompute
  insize=5330 outsize=5332 ok=1
Cmd: preprocess
  insize=40154 outsize=615 ok=1
Cmd: preprocessCompute
  insize=7398 outsize=7400 ok=1
Cmd: preprocessCompute
  insize=7492 outsize=7494 ok=1
Cmd: preprocess
  insize=40154 outsize=615 ok=1
Cmd: preprocessCompute
  insize=7398 outsize=7400 ok=1
Cmd: preprocessCompute
  insize=7492 outsize=7494 ok=1
