Base path: '/home/woyu/Unity/Hub/Editor/2019.3.11f1/Editor/Data', plugins path '/home/woyu/Unity/Hub/Editor/2019.3.11f1/Editor/Data/PlaybackEngines'
Cmd: initializeCompiler
Cmd: compileComputeKernel
  api=4 insize=21596 outsize=94665 ok=1
Cmd: compileComputeKernel
  api=15 insize=9615 outsize=1064 ok=1
Cmd: compileComputeKernel
  api=4 insize=4528 outsize=3183 ok=1
Cmd: compileComputeKernel
  api=4 insize=9809 outsize=5226 ok=1
Cmd: compileComputeKernel
  api=4 insize=9809 outsize=6450 ok=1
Cmd: compileComputeKernel
  api=4 insize=4823 outsize=3422 ok=1
Cmd: compileComputeKernel
  api=4 insize=2617 outsize=869 ok=1
Cmd: compileComputeKernel
  api=4 insize=14139 outsize=2343 ok=1
Cmd: compileComputeKernel
  api=4 insize=40264 outsize=37115 ok=1
Cmd: compileComputeKernel
  api=4 insize=40264 outsize=41056 ok=1
Cmd: compileComputeKernel
  api=4 insize=3450 outsize=1061 ok=1
Cmd: compileComputeKernel
  api=4 insize=22295 outsize=15432 ok=1
Cmd: compileComputeKernel
  api=15 insize=3718 outsize=2343 ok=1
Cmd: compileComputeKernel
  api=4 insize=9735 outsize=9494 ok=1
Cmd: compileComputeKernel
  api=4 insize=22339 outsize=1026 ok=1
Cmd: compileComputeKernel
  api=4 insize=6745 outsize=695 ok=1
Cmd: compileComputeKernel
  api=4 insize=6745 outsize=4958 ok=1
Cmd: compileComputeKernel
  api=4 insize=9103 outsize=2140 ok=1
Cmd: compileComputeKernel
  api=4 insize=26542 outsize=15377 ok=1
Cmd: compileComputeKernel
  api=4 insize=16295 outsize=43264 ok=1
Cmd: compileComputeKernel
  api=4 insize=16295 outsize=51069 ok=1
Cmd: compileComputeKernel
  api=4 insize=16295 outsize=38626 ok=1
Cmd: compileComputeKernel
  api=4 insize=16295 outsize=70034 ok=1
Cmd: compileComputeKernel
  api=4 insize=16295 outsize=60338 ok=1
Cmd: compileComputeKernel
  api=4 insize=7696 outsize=5189 ok=1
Cmd: compileComputeKernel
  error: 2 plat 4 at Packages/com.unity.render-pipelines.high-definition/Runtime/RenderPipeline/Raytracing/Shaders/ShaderVariablesRaytracing.hlsl(1): failed to open source file: 'Packages/com.unity.render-pipelines.high-definition/Runtime/RenderPipeline/Raytracing/HDRayTracingManager.cs.hlsl'
  api=4 insize=28593 outsize=0 ok=0
Cmd: compileComputeKernel
  api=4 insize=1207 outsize=893 ok=1
Cmd: compileComputeKernel
  api=4 insize=7589 outsize=6586 ok=1
Cmd: compileComputeKernel
  api=4 insize=10587 outsize=1413 ok=1
Cmd: compileComputeKernel
  api=15 insize=6312 outsize=3657 ok=1
Cmd: compileComputeKernel
  api=15 insize=1925 outsize=2329 ok=1
Cmd: compileComputeKernel
  api=15 insize=7073 outsize=3669 ok=1
Cmd: compileSnippet
  api=15 type=1 insize=1915 outsize=0 kw= pd=UNITY_ENABLE_REFLECTION_BUFFERS UNITY_USE_DITHER_MASK_FOR_ALPHABLENDED_SHADOWS UNITY_PBS_USE_BRDF1 UNITY_SPECCUBE_BOX_PROJECTION UNITY_SPECCUBE_BLENDING UNITY_ENABLE_DETAIL_NORMALMAP SHADER_API_DESKTOP UNITY_COLORSPACE_GAMMA UNITY_LIGHT_PROBE_PROXY_VOLUME UNITY_LIGHTMAP_RGBM_ENCODING ok=1
Cmd: initializeCompiler

Quitting shader compiler process
